<?xml version="1.0" encoding="UTF-8"?>
<!-- Generated by org.testng.reporters.JUnitReportReporter -->
<testsuite hostname="HARI" failures="0" tests="2" name="FinalFrameworks.shopping.errorValidations" time="20.424" errors="0" timestamp="2023-04-26T10:53:28 IST" skipped="0">
  <testcase classname="FinalFrameworks.shopping.errorValidations" name="LoginError" time="4.301"/>
  <system-out/>
  <testcase classname="FinalFrameworks.shopping.errorValidations" name="ProductErrorValidation" time="16.123"/>
  <system-out/>
</testsuite> <!-- FinalFrameworks.shopping.errorValidations -->
