<?xml version="1.0" encoding="UTF-8"?>
<!-- Generated by org.testng.reporters.JUnitReportReporter -->
<testsuite hostname="HARI" failures="0" tests="1" name="demo.ComplexJSON" time="1.401" errors="0" timestamp="2023-06-06T16:29:36 IST" skipped="0">
  <testcase classname="demo.ComplexJSON" name="coursesDemo" time="1.401"/>
  <system-out/>
</testsuite> <!-- demo.ComplexJSON -->
