<?xml version="1.0" encoding="UTF-8"?>
<!-- Generated by org.testng.reporters.JUnitReportReporter -->
<testsuite hostname="HARI" failures="0" tests="3" name="demo.Library" time="3.206" errors="0" timestamp="2023-06-06T17:09:40 IST" skipped="0">
  <testcase classname="demo.Library" name="Addbook" time="0.306"/>
  <system-out/>
  <testcase classname="demo.Library" name="Addbook" time="0.373"/>
  <system-out/>
  <testcase classname="demo.Library" name="Addbook" time="2.527"/>
  <system-out/>
</testsuite> <!-- demo.Library -->
