<?xml version="1.0" encoding="UTF-8"?>
<!-- Generated by org.testng.reporters.JUnitReportReporter -->
<testsuite hostname="HARI" failures="0" tests="1" name="demo.StaticJsonFromExternal" time="2.972" errors="0" timestamp="2023-06-06T17:23:18 IST" skipped="0">
  <testcase classname="demo.StaticJsonFromExternal" name="JsonFromLocal" time="2.972"/>
  <system-out/>
</testsuite> <!-- demo.StaticJsonFromExternal -->
