<?xml version="1.0" encoding="UTF-8"?>
<!-- Generated by org.testng.reporters.JUnitReportReporter -->
<testsuite hostname="HARI" failures="0" tests="1" name="first.ssOnFail" time="1.090" errors="0" timestamp="2023-06-03T14:57:25 IST" skipped="0">
  <testcase classname="first.ssOnFail" name="tes" time="1.090"/>
  <system-out/>
</testsuite> <!-- first.ssOnFail -->
