<?xml version="1.0" encoding="UTF-8"?>
<!-- Generated by org.testng.reporters.JUnitReportReporter -->
<testsuite hostname="HARI" failures="0" tests="1" name="frame.newframework.ssOnFail" time="1.672" errors="0" timestamp="2023-06-03T14:55:07 IST" skipped="0">
  <testcase classname="frame.newframework.ssOnFail" name="tes" time="1.672"/>
  <system-out/>
</testsuite> <!-- frame.newframework.ssOnFail -->
