<?xml version="1.0" encoding="UTF-8"?>
<!-- Generated by org.testng.reporters.JUnitReportReporter -->
<testsuite hostname="HARI" failures="0" tests="2" name="vij.testng" time="3.089" errors="0" timestamp="2023-04-27T14:25:54 IST" skipped="0">
  <testcase classname="vij.testng" name="method" time="0.005"/>
  <system-out/>
  <testcase classname="vij.testng" name="loginpage" time="3.084"/>
  <system-out/>
</testsuite> <!-- vij.testng -->
