<?xml version="1.0" encoding="UTF-8"?>
<!-- Generated by org.testng.reporters.JUnitReportReporter -->
<testsuite hostname="HARI" failures="0" tests="2" name="vij.checkboxes" time="13.519" errors="0" timestamp="2023-04-19T13:20:52 IST" skipped="1">
  <testcase classname="vij.checkboxes" name="loc" time="13.519"/>
  <system-out/>
  <testcase classname="vij.checkboxes" name="checkbox">
    <skipped/>
  </testcase> <!-- checkbox -->
  <system-out/>
</testsuite> <!-- vij.checkboxes -->
