<?xml version="1.0" encoding="UTF-8"?>
<!-- Generated by org.testng.reporters.JUnitReportReporter -->
<testsuite hostname="HARI" failures="0" tests="4" name="vij.hashmap" time="0.007" errors="0" timestamp="2023-06-10T10:03:55 IST" skipped="2">
  <testcase classname="vij.hashmap" name="jsdata" time="0.006"/>
  <system-out/>
  <testcase classname="vij.hashmap" name="jsdata" time="0.001"/>
  <system-out/>
  <testcase classname="vij.hashmap" name="getdata">
    <skipped/>
  </testcase> <!-- getdata -->
  <system-out/>
  <testcase classname="vij.hashmap" name="hashex">
    <skipped/>
  </testcase> <!-- hashex -->
  <system-out/>
</testsuite> <!-- vij.hashmap -->
