<?xml version="1.0" encoding="UTF-8"?>
<!-- Generated by org.testng.reporters.JUnitReportReporter -->
<testsuite hostname="HARI" failures="0" tests="2" name="vij.testng" time="2.987" errors="0" timestamp="2023-04-17T17:05:18 IST" skipped="0">
  <testcase classname="vij.testng" name="method" time="0.012"/>
  <system-out/>
  <testcase classname="vij.testng" name="loginpage" time="2.975"/>
  <system-out/>
</testsuite> <!-- vij.testng -->
