<?xml version="1.0" encoding="UTF-8"?>
<!-- Generated by org.testng.reporters.JUnitReportReporter -->
<testsuite hostname="HARI" failures="0" tests="3" name="vij.Streams" time="2.144" errors="0" timestamp="2023-05-29T14:55:58 IST" skipped="2">
  <testcase classname="vij.Streams" name="vegsstream" time="2.144"/>
  <system-out/>
  <testcase classname="vij.Streams" name="stream2">
    <skipped/>
  </testcase> <!-- stream2 -->
  <system-out/>
  <testcase classname="vij.Streams" name="stream1">
    <skipped/>
  </testcase> <!-- stream1 -->
  <system-out/>
</testsuite> <!-- vij.Streams -->
