<?xml version="1.0" encoding="UTF-8"?>
<!-- Generated by org.testng.reporters.JUnitReportReporter -->
<testsuite hostname="HARI" failures="0" tests="1" name="TestNG.sample" time="0.008" errors="0" timestamp="2023-05-29T18:50:21 IST" skipped="0">
  <testcase classname="TestNG.sample" name="samplemethod" time="0.008"/>
  <system-out/>
</testsuite> <!-- TestNG.sample -->
