<?xml version="1.0" encoding="UTF-8"?>
<!-- Generated by org.testng.reporters.JUnitReportReporter -->
<testsuite hostname="HARI" failures="0" tests="2" name="vij.Streams" time="4.994" errors="0" timestamp="2023-04-21T10:18:32 IST" skipped="1">
  <testcase classname="vij.Streams" name="stream2" time="4.994"/>
  <system-out/>
  <testcase classname="vij.Streams" name="stream1">
    <skipped/>
  </testcase> <!-- stream1 -->
  <system-out/>
</testsuite> <!-- vij.Streams -->
