<?xml version="1.0" encoding="UTF-8"?>
<!-- Generated by org.testng.reporters.JUnitReportReporter -->
<testsuite hostname="HARI" failures="0" tests="1" name="vij.Extras" time="4.223" errors="0" timestamp="2023-04-20T16:16:25 IST" skipped="0">
  <testcase classname="vij.Extras" name="https" time="4.223"/>
  <system-out/>
</testsuite> <!-- vij.Extras -->
