<?xml version="1.0" encoding="UTF-8"?>
<!-- Generated by org.testng.reporters.JUnitReportReporter -->
<testsuite hostname="HARI" failures="0" tests="1" name="vij.Automation_practice" time="14.924" errors="0" timestamp="2023-04-21T11:17:41 IST" skipped="0">
  <testcase classname="vij.Automation_practice" name="initialization" time="14.924"/>
  <system-out/>
</testsuite> <!-- vij.Automation_practice -->
