<?xml version="1.0" encoding="UTF-8"?>
<!-- Generated by org.testng.reporters.JUnitReportReporter -->
<testsuite hostname="HARI" failures="0" tests="1" name="amazon.iphone" time="11.750" errors="0" timestamp="2023-05-09T17:18:36 IST" skipped="0">
  <testcase classname="amazon.iphone" name="login" time="11.750"/>
  <system-out/>
</testsuite> <!-- amazon.iphone -->
