<?xml version="1.0" encoding="UTF-8"?>
<!-- Generated by org.testng.reporters.JUnitReportReporter -->
<testsuite hostname="HARI" failures="0" tests="2" name="TestNG.sample2" time="0.010" errors="0" timestamp="2023-05-29T20:39:10 IST" skipped="0">
  <testcase classname="TestNG.sample2" name="fourthmethod" time="0.008"/>
  <system-out/>
  <testcase classname="TestNG.sample2" name="thirdmethod" time="0.002"/>
  <system-out/>
</testsuite> <!-- TestNG.sample2 -->
