<?xml version="1.0" encoding="UTF-8"?>
<!-- Generated by org.testng.reporters.JUnitReportReporter -->
<testsuite hostname="HARI" failures="0" tests="4" name="TestNG.sample" time="0.014" errors="0" timestamp="2023-05-29T20:39:10 IST" skipped="0">
  <testcase classname="TestNG.sample" name="firstmethod" time="0.002"/>
  <system-out/>
  <testcase classname="TestNG.sample" name="secondmethod" time="0.001"/>
  <system-out/>
  <testcase classname="TestNG.sample" name="firstmethod" time="0.009"/>
  <system-out/>
  <testcase classname="TestNG.sample" name="firstmethod" time="0.002"/>
  <system-out/>
</testsuite> <!-- TestNG.sample -->
