<?xml version="1.0" encoding="UTF-8"?>
<!-- Generated by org.testng.reporters.JUnitReportReporter -->
<testsuite hostname="HARI" failures="0" tests="2" name="TestNG.sample3" time="0.002" errors="0" timestamp="2023-05-29T20:39:10 IST" skipped="0">
  <testcase classname="TestNG.sample3" name="sixthmethod" time="0.001"/>
  <system-out/>
  <testcase classname="TestNG.sample3" name="fifthmethod" time="0.001"/>
  <system-out/>
</testsuite> <!-- TestNG.sample3 -->
